Compiling the C compiler identification source file "CMakeCCompilerId.c" failed.
Compiler: F:/Program Files (x86)/GNU Tools Arm Embedded/9 2019-q4-major/bin/arm-none-eabi-gcc.exe 
Build flags: ;-march=armv6-m;-mcpu=cortex-m0plus;-mthumb
Id flags:  

The output was:
1
f:/program files (x86)/gnu tools arm embedded/9 2019-q4-major/bin/../lib/gcc/arm-none-eabi/9.2.1/../../../../arm-none-eabi/bin/ld.exe: f:/program files (x86)/gnu tools arm embedded/9 2019-q4-major/bin/../lib/gcc/arm-none-eabi/9.2.1/../../../../arm-none-eabi/lib/thumb/v6-m/nofp\libc.a(lib_a-exit.o): in function `exit':
exit.c:(.text.exit+0x18): undefined reference to `_exit'
collect2.exe: error: ld returned 1 exit status


Compiling the CXX compiler identification source file "CMakeCXXCompilerId.cpp" failed.
Compiler: F:/Program Files (x86)/GNU Tools Arm Embedded/9 2019-q4-major/bin/arm-none-eabi-g++.exe 
Build flags: ;-march=armv6-m;-mcpu=cortex-m0plus;-mthumb
Id flags:  

The output was:
1
f:/program files (x86)/gnu tools arm embedded/9 2019-q4-major/bin/../lib/gcc/arm-none-eabi/9.2.1/../../../../arm-none-eabi/bin/ld.exe: f:/program files (x86)/gnu tools arm embedded/9 2019-q4-major/bin/../lib/gcc/arm-none-eabi/9.2.1/../../../../arm-none-eabi/lib/thumb/v6-m/nofp\libc.a(lib_a-exit.o): in function `exit':
exit.c:(.text.exit+0x18): undefined reference to `_exit'
collect2.exe: error: ld returned 1 exit status


Compiling the C compiler identification source file "CMakeCCompilerId.c" failed.
Compiler: /usr/local/bin/arm-none-eabi-gcc 
Build flags: ;-mcpu=cortex-m0plus;-mthumb
Id flags:  

The output was:
1
/usr/local/Cellar/arm-gcc-bin@10/10.3-2021.07_1/bin/../lib/gcc/arm-none-eabi/10.3.1/../../../../arm-none-eabi/bin/ld: /usr/local/Cellar/arm-gcc-bin@10/10.3-2021.07_1/bin/../lib/gcc/arm-none-eabi/10.3.1/../../../../arm-none-eabi/lib/thumb/v6-m/nofp/libc.a(lib_a-exit.o): in function `exit':
exit.c:(.text.exit+0x18): undefined reference to `_exit'
collect2: error: ld returned 1 exit status


Compiling the CXX compiler identification source file "CMakeCXXCompilerId.cpp" failed.
Compiler: /usr/local/bin/arm-none-eabi-g++ 
Build flags: ;-mcpu=cortex-m0plus;-mthumb
Id flags:  

The output was:
1
/usr/local/Cellar/arm-gcc-bin@10/10.3-2021.07_1/bin/../lib/gcc/arm-none-eabi/10.3.1/../../../../arm-none-eabi/bin/ld: /usr/local/Cellar/arm-gcc-bin@10/10.3-2021.07_1/bin/../lib/gcc/arm-none-eabi/10.3.1/../../../../arm-none-eabi/lib/thumb/v6-m/nofp/libc.a(lib_a-exit.o): in function `exit':
exit.c:(.text.exit+0x18): undefined reference to `_exit'
collect2: error: ld returned 1 exit status


Compiling the C compiler identification source file "CMakeCCompilerId.c" failed.
Compiler: /usr/local/bin/arm-none-eabi-gcc 
Build flags: -mcpu=cortex-m0plus;-mthumb
Id flags:  

The output was:
1
/usr/local/Cellar/arm-gcc-bin@10/10.3-2021.07_1/bin/../lib/gcc/arm-none-eabi/10.3.1/../../../../arm-none-eabi/bin/ld: /usr/local/Cellar/arm-gcc-bin@10/10.3-2021.07_1/bin/../lib/gcc/arm-none-eabi/10.3.1/../../../../arm-none-eabi/lib/thumb/v6-m/nofp/libc.a(lib_a-exit.o): in function `exit':
exit.c:(.text.exit+0x18): undefined reference to `_exit'
collect2: error: ld returned 1 exit status


Compiling the CXX compiler identification source file "CMakeCXXCompilerId.cpp" failed.
Compiler: /usr/local/bin/arm-none-eabi-g++ 
Build flags: -mcpu=cortex-m0plus;-mthumb
Id flags:  

The output was:
1
/usr/local/Cellar/arm-gcc-bin@10/10.3-2021.07_1/bin/../lib/gcc/arm-none-eabi/10.3.1/../../../../arm-none-eabi/bin/ld: /usr/local/Cellar/arm-gcc-bin@10/10.3-2021.07_1/bin/../lib/gcc/arm-none-eabi/10.3.1/../../../../arm-none-eabi/lib/thumb/v6-m/nofp/libc.a(lib_a-exit.o): in function `exit':
exit.c:(.text.exit+0x18): undefined reference to `_exit'
collect2: error: ld returned 1 exit status


